2025-08-16 17:47:24 INFO  RequestsEmployee1_V4: Leave / UserName :200130
2025-08-16 17:47:55 ERROR RequestsEmployee1_V4: Element not found within timeout: Expected condition failed: waiting for visibility of element located by By.xpath: /html/body/div[1]/app-layout/div/div/div/div/div/app-content/div/app-null/div/div/div[2]/div/form/div[1]/div[1]/div/app-ss-employee-select/div/mat-form-field/div/div[1]/div[3]/mat-select/div/div[1]/span/span (tried for 30 second(s) with 500 milliseconds interval)
Build info: version: '4.10.0', revision: 'c14d967899'
System info: os.name: 'Windows 10', os.arch: 'amd64', os.version: '10.0', java.version: '24'
Driver info: org.openqa.selenium.chrome.ChromeDriver
Capabilities {acceptInsecureCerts: false, browserName: chrome, browserVersion: 139.0.7258.128, chrome: {chromedriverVersion: 139.0.7258.68 (40ff94600b6e..., userDataDir: C:\Users\Mahmoud\AppData\Lo...}, fedcm:accounts: true, goog:chromeOptions: {debuggerAddress: localhost:55987}, networkConnectionEnabled: false, pageLoadStrategy: normal, platformName: windows, proxy: Proxy(), se:cdp: ws://localhost:55987/devtoo..., se:cdpVersion: 139.0.7258.128, setWindowRect: true, strictFileInteractability: false, timeouts: {implicit: 0, pageLoad: 300000, script: 30000}, unhandledPromptBehavior: dismiss and notify, webauthn:extension:credBlob: true, webauthn:extension:largeBlob: true, webauthn:extension:minPinLength: true, webauthn:extension:prf: true, webauthn:virtualAuthenticators: true}
Session ID: ee9d22ec2bcd568859eba0bbc1063738
2025-08-16 17:48:43 ERROR RequestsEmployee1_V4: Request: Leave | Swal Message: There are dates used by serial leave No. 1469-LR-01 / UserName: 200130
2025-08-16 17:48:44 INFO  RequestsEmployee1_V4: OK button clicked.
2025-08-17 09:55:08 INFO  RequestsEmployee1_V4: Leave / UserName :200130
2025-08-17 09:59:49 INFO  RequestsEmployee1_V4: Leave / UserName :200130
2025-08-17 10:01:26 ERROR RequestsEmployee1_V4: Request: Leave | Swal Message: There are dates used by serial leave No. 1469-LR-01 / UserName: 200130
2025-08-17 10:01:27 INFO  RequestsEmployee1_V4: OK button clicked.
2025-08-17 10:59:08 INFO  RequestsEmployee1_V4: Leave / UserName :200130
2025-08-17 11:01:40 INFO  RequestsEmployee1_V4: Leave / UserName :200130
2025-08-17 11:02:39 ERROR RequestsEmployee1_V4: Request: Leave | Swal Message: There are dates used by serial leave No. 1469-LR-01 / UserName: 200130
2025-08-17 11:02:39 INFO  RequestsEmployee1_V4: OK button clicked.
2025-08-17 11:02:42 INFO  RequestsEmployee1_V4: Mission / UserName :200130
2025-08-17 11:03:13 ERROR RequestsEmployee1_V4: Element not found within timeout: Expected condition failed: waiting for visibility of element located by By.xpath: //span[@class='mat-select-min-line ng-tns-c119-19 ng-star-inserted'] (tried for 30 second(s) with 500 milliseconds interval)
Build info: version: '4.10.0', revision: 'c14d967899'
System info: os.name: 'Windows 10', os.arch: 'amd64', os.version: '10.0', java.version: '24'
Driver info: org.openqa.selenium.chrome.ChromeDriver
Capabilities {acceptInsecureCerts: false, browserName: chrome, browserVersion: 139.0.7258.128, chrome: {chromedriverVersion: 139.0.7258.68 (40ff94600b6e..., userDataDir: C:\Users\Mahmoud\AppData\Lo...}, fedcm:accounts: true, goog:chromeOptions: {debuggerAddress: localhost:63574}, networkConnectionEnabled: false, pageLoadStrategy: normal, platformName: windows, proxy: Proxy(), se:cdp: ws://localhost:63574/devtoo..., se:cdpVersion: 139.0.7258.128, setWindowRect: true, strictFileInteractability: false, timeouts: {implicit: 0, pageLoad: 300000, script: 30000}, unhandledPromptBehavior: dismiss and notify, webauthn:extension:credBlob: true, webauthn:extension:largeBlob: true, webauthn:extension:minPinLength: true, webauthn:extension:prf: true, webauthn:virtualAuthenticators: true}
Session ID: 011872cab84736dad5554a912c4880f4
2025-08-17 11:04:46 INFO  RequestsEmployee1_V4: Leave / UserName :200130
2025-08-17 11:06:27 INFO  RequestsEmployee1_V4: Leave / UserName :200130
2025-08-17 11:10:58 INFO  RequestsEmployee1_V4: Leave / UserName :200130
2025-08-17 11:11:21 ERROR RequestsEmployee1_V4: Request: Leave | Swal Message: There are dates used by serial leave No. 1469-LR-01 / UserName: 200130
2025-08-17 11:11:21 INFO  RequestsEmployee1_V4: OK button clicked.
2025-08-17 11:11:21 INFO  RequestsEmployee1_V4: Mission / UserName :200130
2025-08-17 11:11:53 ERROR RequestsEmployee1_V4: Element not found within timeout: Expected condition failed: waiting for visibility of element located by By.xpath: //span[@class='mat-select-min-line ng-tns-c119-19 ng-star-inserted'] (tried for 30 second(s) with 500 milliseconds interval)
Build info: version: '4.10.0', revision: 'c14d967899'
System info: os.name: 'Windows 10', os.arch: 'amd64', os.version: '10.0', java.version: '24'
Driver info: org.openqa.selenium.chrome.ChromeDriver
Capabilities {acceptInsecureCerts: false, browserName: chrome, browserVersion: 139.0.7258.128, chrome: {chromedriverVersion: 139.0.7258.68 (40ff94600b6e..., userDataDir: C:\Users\Mahmoud\AppData\Lo...}, fedcm:accounts: true, goog:chromeOptions: {debuggerAddress: localhost:63744}, networkConnectionEnabled: false, pageLoadStrategy: normal, platformName: windows, proxy: Proxy(), se:cdp: ws://localhost:63744/devtoo..., se:cdpVersion: 139.0.7258.128, setWindowRect: true, strictFileInteractability: false, timeouts: {implicit: 0, pageLoad: 300000, script: 30000}, unhandledPromptBehavior: dismiss and notify, webauthn:extension:credBlob: true, webauthn:extension:largeBlob: true, webauthn:extension:minPinLength: true, webauthn:extension:prf: true, webauthn:virtualAuthenticators: true}
Session ID: 0ed799fe1c762b63055939cf069cb868
2025-08-17 11:12:51 INFO  RequestsEmployee1_V4: Leave / UserName :200130
2025-08-17 12:51:30 INFO  RequestsEmployee1_V4: Leave / UserName :200130
2025-08-17 12:51:58 ERROR RequestsEmployee1_V4: Request: Leave | Swal Message: There are dates used by serial leave No. 1469-LR-01 / UserName: 200130
2025-08-17 12:51:59 INFO  RequestsEmployee1_V4: OK button clicked.
2025-08-17 12:51:59 INFO  RequestsEmployee1_V4: Mission / UserName :200130
2025-08-17 12:52:30 ERROR RequestsEmployee1_V4: Element not found within timeout: Expected condition failed: waiting for visibility of element located by By.xpath: //span[@class='mat-select-min-line ng-tns-c119-19 ng-star-inserted'] (tried for 30 second(s) with 500 milliseconds interval)
Build info: version: '4.10.0', revision: 'c14d967899'
System info: os.name: 'Windows 10', os.arch: 'amd64', os.version: '10.0', java.version: '24'
Driver info: org.openqa.selenium.chrome.ChromeDriver
Capabilities {acceptInsecureCerts: false, browserName: chrome, browserVersion: 139.0.7258.128, chrome: {chromedriverVersion: 139.0.7258.68 (40ff94600b6e..., userDataDir: C:\Users\Mahmoud\AppData\Lo...}, fedcm:accounts: true, goog:chromeOptions: {debuggerAddress: localhost:64114}, networkConnectionEnabled: false, pageLoadStrategy: normal, platformName: windows, proxy: Proxy(), se:cdp: ws://localhost:64114/devtoo..., se:cdpVersion: 139.0.7258.128, setWindowRect: true, strictFileInteractability: false, timeouts: {implicit: 0, pageLoad: 300000, script: 30000}, unhandledPromptBehavior: dismiss and notify, webauthn:extension:credBlob: true, webauthn:extension:largeBlob: true, webauthn:extension:minPinLength: true, webauthn:extension:prf: true, webauthn:virtualAuthenticators: true}
Session ID: ca43cd1f29006d083ad0c9738e94060f
2025-08-17 13:02:13 INFO  RequestsEmployee1_V4: Leave / UserName :200130
2025-08-17 13:03:23 ERROR RequestsEmployee1_V4: Request: Leave | Swal Message: this exceeds the allowed leaves this month / UserName: 200130
2025-08-17 13:03:23 INFO  RequestsEmployee1_V4: OK button clicked.
2025-08-17 13:03:23 INFO  RequestsEmployee1_V4: Mission / UserName :200130
2025-08-17 13:03:55 ERROR RequestsEmployee1_V4: Element not found within timeout: Expected condition failed: waiting for visibility of element located by By.xpath: //span[@class='mat-select-min-line ng-tns-c119-19 ng-star-inserted'] (tried for 30 second(s) with 500 milliseconds interval)
Build info: version: '4.10.0', revision: 'c14d967899'
System info: os.name: 'Windows 10', os.arch: 'amd64', os.version: '10.0', java.version: '24'
Driver info: org.openqa.selenium.chrome.ChromeDriver
Capabilities {acceptInsecureCerts: false, browserName: chrome, browserVersion: 139.0.7258.128, chrome: {chromedriverVersion: 139.0.7258.68 (40ff94600b6e..., userDataDir: C:\Users\Mahmoud\AppData\Lo...}, fedcm:accounts: true, goog:chromeOptions: {debuggerAddress: localhost:64273}, networkConnectionEnabled: false, pageLoadStrategy: normal, platformName: windows, proxy: Proxy(), se:cdp: ws://localhost:64273/devtoo..., se:cdpVersion: 139.0.7258.128, setWindowRect: true, strictFileInteractability: false, timeouts: {implicit: 0, pageLoad: 300000, script: 30000}, unhandledPromptBehavior: dismiss and notify, webauthn:extension:credBlob: true, webauthn:extension:largeBlob: true, webauthn:extension:minPinLength: true, webauthn:extension:prf: true, webauthn:virtualAuthenticators: true}
Session ID: 2bdcabedab42e8e30694efb99f120b9d
2025-08-17 14:54:17 INFO  RequestsEmployee1_V4: Leave / UserName :200130
2025-08-17 14:55:33 ERROR RequestsEmployee1_V4: Request: Leave | Swal Message: this exceeds the allowed leaves this month / UserName: 200130
2025-08-17 14:55:33 INFO  RequestsEmployee1_V4: OK button clicked.
2025-08-17 14:55:34 INFO  RequestsEmployee1_V4: Mission / UserName :200130
2025-08-17 14:56:05 ERROR RequestsEmployee1_V4: Element not found within timeout: Expected condition failed: waiting for visibility of element located by By.xpath: //span[@class='mat-select-min-line ng-tns-c119-19 ng-star-inserted'] (tried for 30 second(s) with 500 milliseconds interval)
Build info: version: '4.10.0', revision: 'c14d967899'
System info: os.name: 'Windows 10', os.arch: 'amd64', os.version: '10.0', java.version: '24'
Driver info: org.openqa.selenium.chrome.ChromeDriver
Capabilities {acceptInsecureCerts: false, browserName: chrome, browserVersion: 139.0.7258.128, chrome: {chromedriverVersion: 139.0.7258.68 (40ff94600b6e..., userDataDir: C:\Users\Mahmoud\AppData\Lo...}, fedcm:accounts: true, goog:chromeOptions: {debuggerAddress: localhost:53829}, networkConnectionEnabled: false, pageLoadStrategy: normal, platformName: windows, proxy: Proxy(), se:cdp: ws://localhost:53829/devtoo..., se:cdpVersion: 139.0.7258.128, setWindowRect: true, strictFileInteractability: false, timeouts: {implicit: 0, pageLoad: 300000, script: 30000}, unhandledPromptBehavior: dismiss and notify, webauthn:extension:credBlob: true, webauthn:extension:largeBlob: true, webauthn:extension:minPinLength: true, webauthn:extension:prf: true, webauthn:virtualAuthenticators: true}
Session ID: a99c19e1261e7a5c6385ae21a8eee94d
2025-08-17 15:10:15 INFO  RequestsEmployee1_V4: Leave / UserName :200130
2025-08-17 15:12:16 INFO  RequestsEmployee1_V4: Leave / UserName :200130
2025-08-17 15:15:26 INFO  RequestsEmployee1_V4: Leave / UserName :200130
2025-08-17 15:26:33 INFO  RequestsEmployee1_V4: Leave / UserName :200130
2025-08-17 15:47:09 INFO  RequestsEmployee1_V4: Leave / UserName :200130
2025-08-17 15:47:40 ERROR RequestsEmployee1_V4: Element not found within timeout: Expected condition failed: waiting for visibility of element located by By.xpath: //mat-select[@id='empCode'] (tried for 30 second(s) with 500 milliseconds interval)
Build info: version: '4.10.0', revision: 'c14d967899'
System info: os.name: 'Windows 10', os.arch: 'amd64', os.version: '10.0', java.version: '24'
Driver info: org.openqa.selenium.chrome.ChromeDriver
Capabilities {acceptInsecureCerts: false, browserName: chrome, browserVersion: 139.0.7258.128, chrome: {chromedriverVersion: 139.0.7258.68 (40ff94600b6e..., userDataDir: C:\Users\Mahmoud\AppData\Lo...}, fedcm:accounts: true, goog:chromeOptions: {debuggerAddress: localhost:64882}, networkConnectionEnabled: false, pageLoadStrategy: normal, platformName: windows, proxy: Proxy(), se:cdp: ws://localhost:64882/devtoo..., se:cdpVersion: 139.0.7258.128, setWindowRect: true, strictFileInteractability: false, timeouts: {implicit: 0, pageLoad: 300000, script: 30000}, unhandledPromptBehavior: dismiss and notify, webauthn:extension:credBlob: true, webauthn:extension:largeBlob: true, webauthn:extension:minPinLength: true, webauthn:extension:prf: true, webauthn:virtualAuthenticators: true}
Session ID: cf86a744914fbcb29138cfd8b322e8dc
2025-08-17 15:53:23 INFO  RequestsEmployee1_V4: Leave / UserName :200130
2025-08-17 15:55:47 INFO  RequestsEmployee1_V4: Leave / UserName :200130
2025-08-17 16:08:25 INFO  RequestsEmployee1_V4: Leave / UserName :200130
2025-08-17 16:13:33 INFO  RequestsEmployee1_V4: Leave / UserName :200130
